[Info  - 3:50:00 PM] Using tsserver from: /Applications/Visual Studio Code.app/Contents/Resources/app/extensions/node_modules/typescript/lib
[Info  - 3:50:00 PM] Forking TSServer
PATH: /usr/local/bin:/usr/bin:/bin:/usr/sbin:/sbin:/usr/local/share/dotnet:~/.dotnet/tools:/Library/Frameworks/Mono.framework/Versions/Current/Commands:/Applications/Xamarin Workbooks.app/Contents/SharedSupport/path-bin 
[Info  - 3:50:00 PM] Started TSServer
[Error  - 4:19:46 PM] 'getCodeFixes' request failed with error.
Error processing request. Debug Failure. False expression: Changes overlap
Verbose Debug Information: {"pos":1838,"end":1852} and {"pos":1838,"end":1852}
Error: Debug Failure. False expression: Changes overlap
Verbose Debug Information: {"pos":1838,"end":1852} and {"pos":1838,"end":1852}
    at _loop_11 (/Applications/Visual Studio Code.app/Contents/Resources/app/extensions/node_modules/typescript/lib/tsserver.js:103395:34)
    at /Applications/Visual Studio Code.app/Contents/Resources/app/extensions/node_modules/typescript/lib/tsserver.js:103401:25
    at Array.map (<anonymous>)
    at Object.getTextChangesFromChanges (/Applications/Visual Studio Code.app/Contents/Resources/app/extensions/node_modules/typescript/lib/tsserver.js:103389:86)
    at ChangeTracker.getChanges (/Applications/Visual Studio Code.app/Contents/Resources/app/extensions/node_modules/typescript/lib/tsserver.js:103366:45)
    at Function.ChangeTracker.with (/Applications/Visual Studio Code.app/Contents/Resources/app/extensions/node_modules/typescript/lib/tsserver.js:102942:32)
    at Object.getCodeActions (/Applications/Visual Studio Code.app/Contents/Resources/app/extensions/node_modules/typescript/lib/tsserver.js:104324:64)
    at /Applications/Visual Studio Code.app/Contents/Resources/app/extensions/node_modules/typescript/lib/tsserver.js:103896:121
    at Object.flatMap (/Applications/Visual Studio Code.app/Contents/Resources/app/extensions/node_modules/typescript/lib/tsserver.js:498:25)
    at Object.getFixes (/Applications/Visual Studio Code.app/Contents/Resources/app/extensions/node_modules/typescript/lib/tsserver.js:103896:23)
    at /Applications/Visual Studio Code.app/Contents/Resources/app/extensions/node_modules/typescript/lib/tsserver.js:111747:35
    at Object.flatMap (/Applications/Visual Studio Code.app/Contents/Resources/app/extensions/node_modules/typescript/lib/tsserver.js:498:25)
    at Object.getCodeFixesAtPosition (/Applications/Visual Studio Code.app/Contents/Resources/app/extensions/node_modules/typescript/lib/tsserver.js:111745:23)
    at IOSession.Session.getCodeFixes (/Applications/Visual Studio Code.app/Contents/Resources/app/extensions/node_modules/typescript/lib/tsserver.js:119339:64)
    at Session.handlers.ts.createMapFromTemplate._a.(anonymous function) (/Applications/Visual Studio Code.app/Contents/Resources/app/extensions/node_modules/typescript/lib/tsserver.js:118213:61)
    at /Applications/Visual Studio Code.app/Contents/Resources/app/extensions/node_modules/typescript/lib/tsserver.js:119496:88
    at IOSession.Session.executeWithRequestId (/Applications/Visual Studio Code.app/Contents/Resources/app/extensions/node_modules/typescript/lib/tsserver.js:119487:28)
    at IOSession.Session.executeCommand (/Applications/Visual Studio Code.app/Contents/Resources/app/extensions/node_modules/typescript/lib/tsserver.js:119496:33)
    at IOSession.Session.onMessage (/Applications/Visual Studio Code.app/Contents/Resources/app/extensions/node_modules/typescript/lib/tsserver.js:119516:35)
    at Interface.<anonymous> (/Applications/Visual Studio Code.app/Contents/Resources/app/extensions/node_modules/typescript/lib/tsserver.js:120770:27)
    at emitOne (events.js:116:13)
    at Interface.emit (events.js:211:7)
    at Interface._onLine (readline.js:282:10)
    at Interface._normalWrite (readline.js:424:12)
    at Socket.ondata (readline.js:141:10)
    at emitOne (events.js:116:13)
    at Socket.emit (events.js:211:7)
    at addChunk (_stream_readable.js:263:12)
    at readableAddChunk (_stream_readable.js:250:11)
    at Socket.Readable.push (_stream_readable.js:208:10)
    at Pipe.onread (net.js:594:20)
[Error  - 4:19:47 PM] 'getCodeFixes' request failed with error.
Error processing request. Debug Failure. False expression: Changes overlap
Verbose Debug Information: {"pos":1838,"end":1852} and {"pos":1838,"end":1852}
Error: Debug Failure. False expression: Changes overlap
Verbose Debug Information: {"pos":1838,"end":1852} and {"pos":1838,"end":1852}
    at _loop_11 (/Applications/Visual Studio Code.app/Contents/Resources/app/extensions/node_modules/typescript/lib/tsserver.js:103395:34)
    at /Applications/Visual Studio Code.app/Contents/Resources/app/extensions/node_modules/typescript/lib/tsserver.js:103401:25
    at Array.map (<anonymous>)
    at Object.getTextChangesFromChanges (/Applications/Visual Studio Code.app/Contents/Resources/app/extensions/node_modules/typescript/lib/tsserver.js:103389:86)
    at ChangeTracker.getChanges (/Applications/Visual Studio Code.app/Contents/Resources/app/extensions/node_modules/typescript/lib/tsserver.js:103366:45)
    at Function.ChangeTracker.with (/Applications/Visual Studio Code.app/Contents/Resources/app/extensions/node_modules/typescript/lib/tsserver.js:102942:32)
    at Object.getCodeActions (/Applications/Visual Studio Code.app/Contents/Resources/app/extensions/node_modules/typescript/lib/tsserver.js:104324:64)
    at /Applications/Visual Studio Code.app/Contents/Resources/app/extensions/node_modules/typescript/lib/tsserver.js:103896:121
    at Object.flatMap (/Applications/Visual Studio Code.app/Contents/Resources/app/extensions/node_modules/typescript/lib/tsserver.js:498:25)
    at Object.getFixes (/Applications/Visual Studio Code.app/Contents/Resources/app/extensions/node_modules/typescript/lib/tsserver.js:103896:23)
    at /Applications/Visual Studio Code.app/Contents/Resources/app/extensions/node_modules/typescript/lib/tsserver.js:111747:35
    at Object.flatMap (/Applications/Visual Studio Code.app/Contents/Resources/app/extensions/node_modules/typescript/lib/tsserver.js:498:25)
    at Object.getCodeFixesAtPosition (/Applications/Visual Studio Code.app/Contents/Resources/app/extensions/node_modules/typescript/lib/tsserver.js:111745:23)
    at IOSession.Session.getCodeFixes (/Applications/Visual Studio Code.app/Contents/Resources/app/extensions/node_modules/typescript/lib/tsserver.js:119339:64)
    at Session.handlers.ts.createMapFromTemplate._a.(anonymous function) (/Applications/Visual Studio Code.app/Contents/Resources/app/extensions/node_modules/typescript/lib/tsserver.js:118213:61)
    at /Applications/Visual Studio Code.app/Contents/Resources/app/extensions/node_modules/typescript/lib/tsserver.js:119496:88
    at IOSession.Session.executeWithRequestId (/Applications/Visual Studio Code.app/Contents/Resources/app/extensions/node_modules/typescript/lib/tsserver.js:119487:28)
    at IOSession.Session.executeCommand (/Applications/Visual Studio Code.app/Contents/Resources/app/extensions/node_modules/typescript/lib/tsserver.js:119496:33)
    at IOSession.Session.onMessage (/Applications/Visual Studio Code.app/Contents/Resources/app/extensions/node_modules/typescript/lib/tsserver.js:119516:35)
    at Interface.<anonymous> (/Applications/Visual Studio Code.app/Contents/Resources/app/extensions/node_modules/typescript/lib/tsserver.js:120770:27)
    at emitOne (events.js:116:13)
    at Interface.emit (events.js:211:7)
    at Interface._onLine (readline.js:282:10)
    at Interface._normalWrite (readline.js:424:12)
    at Socket.ondata (readline.js:141:10)
    at emitOne (events.js:116:13)
    at Socket.emit (events.js:211:7)
    at addChunk (_stream_readable.js:263:12)
    at readableAddChunk (_stream_readable.js:250:11)
    at Socket.Readable.push (_stream_readable.js:208:10)
    at Pipe.onread (net.js:594:20)
[Error  - 4:22:29 PM] 'getCodeFixes' request failed with error.
Error processing request. Debug Failure. False expression: Changes overlap
Verbose Debug Information: {"pos":1838,"end":1852} and {"pos":1838,"end":1852}
Error: Debug Failure. False expression: Changes overlap
Verbose Debug Information: {"pos":1838,"end":1852} and {"pos":1838,"end":1852}
    at _loop_11 (/Applications/Visual Studio Code.app/Contents/Resources/app/extensions/node_modules/typescript/lib/tsserver.js:103395:34)
    at /Applications/Visual Studio Code.app/Contents/Resources/app/extensions/node_modules/typescript/lib/tsserver.js:103401:25
    at Array.map (<anonymous>)
    at Object.getTextChangesFromChanges (/Applications/Visual Studio Code.app/Contents/Resources/app/extensions/node_modules/typescript/lib/tsserver.js:103389:86)
    at ChangeTracker.getChanges (/Applications/Visual Studio Code.app/Contents/Resources/app/extensions/node_modules/typescript/lib/tsserver.js:103366:45)
    at Function.ChangeTracker.with (/Applications/Visual Studio Code.app/Contents/Resources/app/extensions/node_modules/typescript/lib/tsserver.js:102942:32)
    at Object.getCodeActions (/Applications/Visual Studio Code.app/Contents/Resources/app/extensions/node_modules/typescript/lib/tsserver.js:104324:64)
    at /Applications/Visual Studio Code.app/Contents/Resources/app/extensions/node_modules/typescript/lib/tsserver.js:103896:121
    at Object.flatMap (/Applications/Visual Studio Code.app/Contents/Resources/app/extensions/node_modules/typescript/lib/tsserver.js:498:25)
    at Object.getFixes (/Applications/Visual Studio Code.app/Contents/Resources/app/extensions/node_modules/typescript/lib/tsserver.js:103896:23)
    at /Applications/Visual Studio Code.app/Contents/Resources/app/extensions/node_modules/typescript/lib/tsserver.js:111747:35
    at Object.flatMap (/Applications/Visual Studio Code.app/Contents/Resources/app/extensions/node_modules/typescript/lib/tsserver.js:498:25)
    at Object.getCodeFixesAtPosition (/Applications/Visual Studio Code.app/Contents/Resources/app/extensions/node_modules/typescript/lib/tsserver.js:111745:23)
    at IOSession.Session.getCodeFixes (/Applications/Visual Studio Code.app/Contents/Resources/app/extensions/node_modules/typescript/lib/tsserver.js:119339:64)
    at Session.handlers.ts.createMapFromTemplate._a.(anonymous function) (/Applications/Visual Studio Code.app/Contents/Resources/app/extensions/node_modules/typescript/lib/tsserver.js:118213:61)
    at /Applications/Visual Studio Code.app/Contents/Resources/app/extensions/node_modules/typescript/lib/tsserver.js:119496:88
    at IOSession.Session.executeWithRequestId (/Applications/Visual Studio Code.app/Contents/Resources/app/extensions/node_modules/typescript/lib/tsserver.js:119487:28)
    at IOSession.Session.executeCommand (/Applications/Visual Studio Code.app/Contents/Resources/app/extensions/node_modules/typescript/lib/tsserver.js:119496:33)
    at IOSession.Session.onMessage (/Applications/Visual Studio Code.app/Contents/Resources/app/extensions/node_modules/typescript/lib/tsserver.js:119516:35)
    at Interface.<anonymous> (/Applications/Visual Studio Code.app/Contents/Resources/app/extensions/node_modules/typescript/lib/tsserver.js:120770:27)
    at emitOne (events.js:116:13)
    at Interface.emit (events.js:211:7)
    at Interface._onLine (readline.js:282:10)
    at Interface._normalWrite (readline.js:424:12)
    at Socket.ondata (readline.js:141:10)
    at emitOne (events.js:116:13)
    at Socket.emit (events.js:211:7)
    at addChunk (_stream_readable.js:263:12)
    at readableAddChunk (_stream_readable.js:250:11)
    at Socket.Readable.push (_stream_readable.js:208:10)
    at Pipe.onread (net.js:594:20)
[Error  - 4:22:31 PM] 'getCodeFixes' request failed with error.
Error processing request. Debug Failure. False expression: Changes overlap
Verbose Debug Information: {"pos":1838,"end":1852} and {"pos":1838,"end":1852}
Error: Debug Failure. False expression: Changes overlap
Verbose Debug Information: {"pos":1838,"end":1852} and {"pos":1838,"end":1852}
    at _loop_11 (/Applications/Visual Studio Code.app/Contents/Resources/app/extensions/node_modules/typescript/lib/tsserver.js:103395:34)
    at /Applications/Visual Studio Code.app/Contents/Resources/app/extensions/node_modules/typescript/lib/tsserver.js:103401:25
    at Array.map (<anonymous>)
    at Object.getTextChangesFromChanges (/Applications/Visual Studio Code.app/Contents/Resources/app/extensions/node_modules/typescript/lib/tsserver.js:103389:86)
    at ChangeTracker.getChanges (/Applications/Visual Studio Code.app/Contents/Resources/app/extensions/node_modules/typescript/lib/tsserver.js:103366:45)
    at Function.ChangeTracker.with (/Applications/Visual Studio Code.app/Contents/Resources/app/extensions/node_modules/typescript/lib/tsserver.js:102942:32)
    at Object.getCodeActions (/Applications/Visual Studio Code.app/Contents/Resources/app/extensions/node_modules/typescript/lib/tsserver.js:104324:64)
    at /Applications/Visual Studio Code.app/Contents/Resources/app/extensions/node_modules/typescript/lib/tsserver.js:103896:121
    at Object.flatMap (/Applications/Visual Studio Code.app/Contents/Resources/app/extensions/node_modules/typescript/lib/tsserver.js:498:25)
    at Object.getFixes (/Applications/Visual Studio Code.app/Contents/Resources/app/extensions/node_modules/typescript/lib/tsserver.js:103896:23)
    at /Applications/Visual Studio Code.app/Contents/Resources/app/extensions/node_modules/typescript/lib/tsserver.js:111747:35
    at Object.flatMap (/Applications/Visual Studio Code.app/Contents/Resources/app/extensions/node_modules/typescript/lib/tsserver.js:498:25)
    at Object.getCodeFixesAtPosition (/Applications/Visual Studio Code.app/Contents/Resources/app/extensions/node_modules/typescript/lib/tsserver.js:111745:23)
    at IOSession.Session.getCodeFixes (/Applications/Visual Studio Code.app/Contents/Resources/app/extensions/node_modules/typescript/lib/tsserver.js:119339:64)
    at Session.handlers.ts.createMapFromTemplate._a.(anonymous function) (/Applications/Visual Studio Code.app/Contents/Resources/app/extensions/node_modules/typescript/lib/tsserver.js:118213:61)
    at /Applications/Visual Studio Code.app/Contents/Resources/app/extensions/node_modules/typescript/lib/tsserver.js:119496:88
    at IOSession.Session.executeWithRequestId (/Applications/Visual Studio Code.app/Contents/Resources/app/extensions/node_modules/typescript/lib/tsserver.js:119487:28)
    at IOSession.Session.executeCommand (/Applications/Visual Studio Code.app/Contents/Resources/app/extensions/node_modules/typescript/lib/tsserver.js:119496:33)
    at IOSession.Session.onMessage (/Applications/Visual Studio Code.app/Contents/Resources/app/extensions/node_modules/typescript/lib/tsserver.js:119516:35)
    at Interface.<anonymous> (/Applications/Visual Studio Code.app/Contents/Resources/app/extensions/node_modules/typescript/lib/tsserver.js:120770:27)
    at emitOne (events.js:116:13)
    at Interface.emit (events.js:211:7)
    at Interface._onLine (readline.js:282:10)
    at Interface._normalWrite (readline.js:424:12)
    at Socket.ondata (readline.js:141:10)
    at emitOne (events.js:116:13)
    at Socket.emit (events.js:211:7)
    at addChunk (_stream_readable.js:263:12)
    at readableAddChunk (_stream_readable.js:250:11)
    at Socket.Readable.push (_stream_readable.js:208:10)
    at Pipe.onread (net.js:594:20)
[Error  - 4:22:46 PM] 'getCodeFixes' request failed with error.
Error processing request. Debug Failure. False expression: Changes overlap
Verbose Debug Information: {"pos":1838,"end":1852} and {"pos":1838,"end":1852}
Error: Debug Failure. False expression: Changes overlap
Verbose Debug Information: {"pos":1838,"end":1852} and {"pos":1838,"end":1852}
    at _loop_11 (/Applications/Visual Studio Code.app/Contents/Resources/app/extensions/node_modules/typescript/lib/tsserver.js:103395:34)
    at /Applications/Visual Studio Code.app/Contents/Resources/app/extensions/node_modules/typescript/lib/tsserver.js:103401:25
    at Array.map (<anonymous>)
    at Object.getTextChangesFromChanges (/Applications/Visual Studio Code.app/Contents/Resources/app/extensions/node_modules/typescript/lib/tsserver.js:103389:86)
    at ChangeTracker.getChanges (/Applications/Visual Studio Code.app/Contents/Resources/app/extensions/node_modules/typescript/lib/tsserver.js:103366:45)
    at Function.ChangeTracker.with (/Applications/Visual Studio Code.app/Contents/Resources/app/extensions/node_modules/typescript/lib/tsserver.js:102942:32)
    at Object.getCodeActions (/Applications/Visual Studio Code.app/Contents/Resources/app/extensions/node_modules/typescript/lib/tsserver.js:104324:64)
    at /Applications/Visual Studio Code.app/Contents/Resources/app/extensions/node_modules/typescript/lib/tsserver.js:103896:121
    at Object.flatMap (/Applications/Visual Studio Code.app/Contents/Resources/app/extensions/node_modules/typescript/lib/tsserver.js:498:25)
    at Object.getFixes (/Applications/Visual Studio Code.app/Contents/Resources/app/extensions/node_modules/typescript/lib/tsserver.js:103896:23)
    at /Applications/Visual Studio Code.app/Contents/Resources/app/extensions/node_modules/typescript/lib/tsserver.js:111747:35
    at Object.flatMap (/Applications/Visual Studio Code.app/Contents/Resources/app/extensions/node_modules/typescript/lib/tsserver.js:498:25)
    at Object.getCodeFixesAtPosition (/Applications/Visual Studio Code.app/Contents/Resources/app/extensions/node_modules/typescript/lib/tsserver.js:111745:23)
    at IOSession.Session.getCodeFixes (/Applications/Visual Studio Code.app/Contents/Resources/app/extensions/node_modules/typescript/lib/tsserver.js:119339:64)
    at Session.handlers.ts.createMapFromTemplate._a.(anonymous function) (/Applications/Visual Studio Code.app/Contents/Resources/app/extensions/node_modules/typescript/lib/tsserver.js:118213:61)
    at /Applications/Visual Studio Code.app/Contents/Resources/app/extensions/node_modules/typescript/lib/tsserver.js:119496:88
    at IOSession.Session.executeWithRequestId (/Applications/Visual Studio Code.app/Contents/Resources/app/extensions/node_modules/typescript/lib/tsserver.js:119487:28)
    at IOSession.Session.executeCommand (/Applications/Visual Studio Code.app/Contents/Resources/app/extensions/node_modules/typescript/lib/tsserver.js:119496:33)
    at IOSession.Session.onMessage (/Applications/Visual Studio Code.app/Contents/Resources/app/extensions/node_modules/typescript/lib/tsserver.js:119516:35)
    at Interface.<anonymous> (/Applications/Visual Studio Code.app/Contents/Resources/app/extensions/node_modules/typescript/lib/tsserver.js:120770:27)
    at emitOne (events.js:116:13)
    at Interface.emit (events.js:211:7)
    at Interface._onLine (readline.js:282:10)
    at Interface._normalWrite (readline.js:424:12)
    at Socket.ondata (readline.js:141:10)
    at emitOne (events.js:116:13)
    at Socket.emit (events.js:211:7)
    at addChunk (_stream_readable.js:263:12)
    at readableAddChunk (_stream_readable.js:250:11)
    at Socket.Readable.push (_stream_readable.js:208:10)
    at Pipe.onread (net.js:594:20)
[Error  - 4:26:14 PM] 'getCodeFixes' request failed with error.
Error processing request. Debug Failure. False expression: Changes overlap
Verbose Debug Information: {"pos":1838,"end":1852} and {"pos":1838,"end":1852}
Error: Debug Failure. False expression: Changes overlap
Verbose Debug Information: {"pos":1838,"end":1852} and {"pos":1838,"end":1852}
    at _loop_11 (/Applications/Visual Studio Code.app/Contents/Resources/app/extensions/node_modules/typescript/lib/tsserver.js:103395:34)
    at /Applications/Visual Studio Code.app/Contents/Resources/app/extensions/node_modules/typescript/lib/tsserver.js:103401:25
    at Array.map (<anonymous>)
    at Object.getTextChangesFromChanges (/Applications/Visual Studio Code.app/Contents/Resources/app/extensions/node_modules/typescript/lib/tsserver.js:103389:86)
    at ChangeTracker.getChanges (/Applications/Visual Studio Code.app/Contents/Resources/app/extensions/node_modules/typescript/lib/tsserver.js:103366:45)
    at Function.ChangeTracker.with (/Applications/Visual Studio Code.app/Contents/Resources/app/extensions/node_modules/typescript/lib/tsserver.js:102942:32)
    at Object.getCodeActions (/Applications/Visual Studio Code.app/Contents/Resources/app/extensions/node_modules/typescript/lib/tsserver.js:104324:64)
    at /Applications/Visual Studio Code.app/Contents/Resources/app/extensions/node_modules/typescript/lib/tsserver.js:103896:121
    at Object.flatMap (/Applications/Visual Studio Code.app/Contents/Resources/app/extensions/node_modules/typescript/lib/tsserver.js:498:25)
    at Object.getFixes (/Applications/Visual Studio Code.app/Contents/Resources/app/extensions/node_modules/typescript/lib/tsserver.js:103896:23)
    at /Applications/Visual Studio Code.app/Contents/Resources/app/extensions/node_modules/typescript/lib/tsserver.js:111747:35
    at Object.flatMap (/Applications/Visual Studio Code.app/Contents/Resources/app/extensions/node_modules/typescript/lib/tsserver.js:498:25)
    at Object.getCodeFixesAtPosition (/Applications/Visual Studio Code.app/Contents/Resources/app/extensions/node_modules/typescript/lib/tsserver.js:111745:23)
    at IOSession.Session.getCodeFixes (/Applications/Visual Studio Code.app/Contents/Resources/app/extensions/node_modules/typescript/lib/tsserver.js:119339:64)
    at Session.handlers.ts.createMapFromTemplate._a.(anonymous function) (/Applications/Visual Studio Code.app/Contents/Resources/app/extensions/node_modules/typescript/lib/tsserver.js:118213:61)
    at /Applications/Visual Studio Code.app/Contents/Resources/app/extensions/node_modules/typescript/lib/tsserver.js:119496:88
    at IOSession.Session.executeWithRequestId (/Applications/Visual Studio Code.app/Contents/Resources/app/extensions/node_modules/typescript/lib/tsserver.js:119487:28)
    at IOSession.Session.executeCommand (/Applications/Visual Studio Code.app/Contents/Resources/app/extensions/node_modules/typescript/lib/tsserver.js:119496:33)
    at IOSession.Session.onMessage (/Applications/Visual Studio Code.app/Contents/Resources/app/extensions/node_modules/typescript/lib/tsserver.js:119516:35)
    at Interface.<anonymous> (/Applications/Visual Studio Code.app/Contents/Resources/app/extensions/node_modules/typescript/lib/tsserver.js:120770:27)
    at emitOne (events.js:116:13)
    at Interface.emit (events.js:211:7)
    at Interface._onLine (readline.js:282:10)
    at Interface._normalWrite (readline.js:424:12)
    at Socket.ondata (readline.js:141:10)
    at emitOne (events.js:116:13)
    at Socket.emit (events.js:211:7)
    at addChunk (_stream_readable.js:263:12)
    at readableAddChunk (_stream_readable.js:250:11)
    at Socket.Readable.push (_stream_readable.js:208:10)
    at Pipe.onread (net.js:594:20)
[Error  - 4:35:12 PM] 'getCodeFixes' request failed with error.
Error processing request. Debug Failure. False expression: Changes overlap
Verbose Debug Information: {"pos":1838,"end":1852} and {"pos":1838,"end":1852}
Error: Debug Failure. False expression: Changes overlap
Verbose Debug Information: {"pos":1838,"end":1852} and {"pos":1838,"end":1852}
    at _loop_11 (/Applications/Visual Studio Code.app/Contents/Resources/app/extensions/node_modules/typescript/lib/tsserver.js:103395:34)
    at /Applications/Visual Studio Code.app/Contents/Resources/app/extensions/node_modules/typescript/lib/tsserver.js:103401:25
    at Array.map (<anonymous>)
    at Object.getTextChangesFromChanges (/Applications/Visual Studio Code.app/Contents/Resources/app/extensions/node_modules/typescript/lib/tsserver.js:103389:86)
    at ChangeTracker.getChanges (/Applications/Visual Studio Code.app/Contents/Resources/app/extensions/node_modules/typescript/lib/tsserver.js:103366:45)
    at Function.ChangeTracker.with (/Applications/Visual Studio Code.app/Contents/Resources/app/extensions/node_modules/typescript/lib/tsserver.js:102942:32)
    at Object.getCodeActions (/Applications/Visual Studio Code.app/Contents/Resources/app/extensions/node_modules/typescript/lib/tsserver.js:104324:64)
    at /Applications/Visual Studio Code.app/Contents/Resources/app/extensions/node_modules/typescript/lib/tsserver.js:103896:121
    at Object.flatMap (/Applications/Visual Studio Code.app/Contents/Resources/app/extensions/node_modules/typescript/lib/tsserver.js:498:25)
    at Object.getFixes (/Applications/Visual Studio Code.app/Contents/Resources/app/extensions/node_modules/typescript/lib/tsserver.js:103896:23)
    at /Applications/Visual Studio Code.app/Contents/Resources/app/extensions/node_modules/typescript/lib/tsserver.js:111747:35
    at Object.flatMap (/Applications/Visual Studio Code.app/Contents/Resources/app/extensions/node_modules/typescript/lib/tsserver.js:498:25)
    at Object.getCodeFixesAtPosition (/Applications/Visual Studio Code.app/Contents/Resources/app/extensions/node_modules/typescript/lib/tsserver.js:111745:23)
    at IOSession.Session.getCodeFixes (/Applications/Visual Studio Code.app/Contents/Resources/app/extensions/node_modules/typescript/lib/tsserver.js:119339:64)
    at Session.handlers.ts.createMapFromTemplate._a.(anonymous function) (/Applications/Visual Studio Code.app/Contents/Resources/app/extensions/node_modules/typescript/lib/tsserver.js:118213:61)
    at /Applications/Visual Studio Code.app/Contents/Resources/app/extensions/node_modules/typescript/lib/tsserver.js:119496:88
    at IOSession.Session.executeWithRequestId (/Applications/Visual Studio Code.app/Contents/Resources/app/extensions/node_modules/typescript/lib/tsserver.js:119487:28)
    at IOSession.Session.executeCommand (/Applications/Visual Studio Code.app/Contents/Resources/app/extensions/node_modules/typescript/lib/tsserver.js:119496:33)
    at IOSession.Session.onMessage (/Applications/Visual Studio Code.app/Contents/Resources/app/extensions/node_modules/typescript/lib/tsserver.js:119516:35)
    at Interface.<anonymous> (/Applications/Visual Studio Code.app/Contents/Resources/app/extensions/node_modules/typescript/lib/tsserver.js:120770:27)
    at emitOne (events.js:116:13)
    at Interface.emit (events.js:211:7)
    at Interface._onLine (readline.js:282:10)
    at Interface._normalWrite (readline.js:424:12)
    at Socket.ondata (readline.js:141:10)
    at emitOne (events.js:116:13)
    at Socket.emit (events.js:211:7)
    at addChunk (_stream_readable.js:263:12)
    at readableAddChunk (_stream_readable.js:250:11)
    at Socket.Readable.push (_stream_readable.js:208:10)
    at Pipe.onread (net.js:594:20)
