[2019-05-21 15:41:33.883] [exthost5] [info] extension host started
[2019-05-21 15:41:33.916] [exthost5] [info] ExtensionService#_doActivateExtension vscode.debug-auto-launch {"startup":true,"activationEvent":"*"}
[2019-05-21 15:41:33.916] [exthost5] [info] ExtensionService#loadCommonJSModule /Applications/Visual Studio Code.app/Contents/Resources/app/extensions/debug-auto-launch/out/extension
[2019-05-21 15:41:33.933] [exthost5] [info] ExtensionService#_doActivateExtension vscode.emmet {"startup":true,"activationEvent":"*"}
[2019-05-21 15:41:33.933] [exthost5] [info] ExtensionService#loadCommonJSModule /Applications/Visual Studio Code.app/Contents/Resources/app/extensions/emmet/out/extension
[2019-05-21 15:41:34.025] [exthost5] [info] ExtensionService#_doActivateExtension vscode.git {"startup":true,"activationEvent":"*"}
[2019-05-21 15:41:34.025] [exthost5] [info] ExtensionService#loadCommonJSModule /Applications/Visual Studio Code.app/Contents/Resources/app/extensions/git/out/main
[2019-05-21 15:41:34.258] [exthost5] [info] ExtensionService#_doActivateExtension vscode.merge-conflict {"startup":true,"activationEvent":"*"}
[2019-05-21 15:41:34.258] [exthost5] [info] ExtensionService#loadCommonJSModule /Applications/Visual Studio Code.app/Contents/Resources/app/extensions/merge-conflict/out/extension
[2019-05-21 15:41:34.274] [exthost5] [info] ExtensionService#_doActivateExtension vscode.search-rg {"startup":true,"activationEvent":"*"}
[2019-05-21 15:41:34.274] [exthost5] [info] ExtensionService#loadCommonJSModule /Applications/Visual Studio Code.app/Contents/Resources/app/extensions/search-rg/out/extension
[2019-05-21 15:41:34.284] [exthost5] [info] eager extensions activated
[2019-05-21 15:41:55.429] [exthost5] [info] extension host started
[2019-05-21 15:41:55.454] [exthost5] [info] ExtensionService#_doActivateExtension vscode.debug-auto-launch {"startup":true,"activationEvent":"*"}
[2019-05-21 15:41:55.454] [exthost5] [info] ExtensionService#loadCommonJSModule /Applications/Visual Studio Code.app/Contents/Resources/app/extensions/debug-auto-launch/out/extension
[2019-05-21 15:41:55.468] [exthost5] [info] ExtensionService#_doActivateExtension vscode.emmet {"startup":true,"activationEvent":"*"}
[2019-05-21 15:41:55.468] [exthost5] [info] ExtensionService#loadCommonJSModule /Applications/Visual Studio Code.app/Contents/Resources/app/extensions/emmet/out/extension
[2019-05-21 15:41:55.548] [exthost5] [info] ExtensionService#_doActivateExtension vscode.git {"startup":true,"activationEvent":"*"}
[2019-05-21 15:41:55.548] [exthost5] [info] ExtensionService#loadCommonJSModule /Applications/Visual Studio Code.app/Contents/Resources/app/extensions/git/out/main
[2019-05-21 15:41:55.779] [exthost5] [info] ExtensionService#_doActivateExtension vscode.merge-conflict {"startup":true,"activationEvent":"*"}
[2019-05-21 15:41:55.779] [exthost5] [info] ExtensionService#loadCommonJSModule /Applications/Visual Studio Code.app/Contents/Resources/app/extensions/merge-conflict/out/extension
[2019-05-21 15:41:55.796] [exthost5] [info] ExtensionService#_doActivateExtension vscode.search-rg {"startup":true,"activationEvent":"*"}
[2019-05-21 15:41:55.796] [exthost5] [info] ExtensionService#loadCommonJSModule /Applications/Visual Studio Code.app/Contents/Resources/app/extensions/search-rg/out/extension
[2019-05-21 15:41:55.806] [exthost5] [info] eager extensions activated
[2019-05-21 15:41:55.809] [exthost5] [info] ExtensionService#_doActivateExtension vscode.html-language-features {"startup":false,"activationEvent":"onLanguage:html"}
[2019-05-21 15:41:55.809] [exthost5] [info] ExtensionService#loadCommonJSModule /Applications/Visual Studio Code.app/Contents/Resources/app/extensions/html-language-features/client/out/htmlMain
