[2019-05-21 15:41:20.600] [exthost4] [info] extension host started
[2019-05-21 15:41:20.632] [exthost4] [info] ExtensionService#_doActivateExtension vscode.debug-auto-launch {"startup":true,"activationEvent":"*"}
[2019-05-21 15:41:20.632] [exthost4] [info] ExtensionService#loadCommonJSModule /Applications/Visual Studio Code.app/Contents/Resources/app/extensions/debug-auto-launch/out/extension
[2019-05-21 15:41:20.702] [exthost4] [info] ExtensionService#_doActivateExtension vscode.emmet {"startup":true,"activationEvent":"*"}
[2019-05-21 15:41:20.702] [exthost4] [info] ExtensionService#loadCommonJSModule /Applications/Visual Studio Code.app/Contents/Resources/app/extensions/emmet/out/extension
[2019-05-21 15:41:20.813] [exthost4] [info] ExtensionService#_doActivateExtension vscode.git {"startup":true,"activationEvent":"*"}
[2019-05-21 15:41:20.813] [exthost4] [info] ExtensionService#loadCommonJSModule /Applications/Visual Studio Code.app/Contents/Resources/app/extensions/git/out/main
[2019-05-21 15:41:21.162] [exthost4] [info] ExtensionService#_doActivateExtension vscode.merge-conflict {"startup":true,"activationEvent":"*"}
[2019-05-21 15:41:21.162] [exthost4] [info] ExtensionService#loadCommonJSModule /Applications/Visual Studio Code.app/Contents/Resources/app/extensions/merge-conflict/out/extension
[2019-05-21 15:41:21.190] [exthost4] [info] ExtensionService#_doActivateExtension vscode.search-rg {"startup":true,"activationEvent":"*"}
[2019-05-21 15:41:21.190] [exthost4] [info] ExtensionService#loadCommonJSModule /Applications/Visual Studio Code.app/Contents/Resources/app/extensions/search-rg/out/extension
[2019-05-21 15:41:21.212] [exthost4] [info] eager extensions activated
[2019-05-21 15:41:26.393] [exthost4] [info] extension host started
[2019-05-21 15:41:26.417] [exthost4] [info] ExtensionService#_doActivateExtension vscode.debug-auto-launch {"startup":true,"activationEvent":"*"}
[2019-05-21 15:41:26.418] [exthost4] [info] ExtensionService#loadCommonJSModule /Applications/Visual Studio Code.app/Contents/Resources/app/extensions/debug-auto-launch/out/extension
[2019-05-21 15:41:26.431] [exthost4] [info] ExtensionService#_doActivateExtension vscode.emmet {"startup":true,"activationEvent":"*"}
[2019-05-21 15:41:26.431] [exthost4] [info] ExtensionService#loadCommonJSModule /Applications/Visual Studio Code.app/Contents/Resources/app/extensions/emmet/out/extension
[2019-05-21 15:41:26.511] [exthost4] [info] ExtensionService#_doActivateExtension vscode.git {"startup":true,"activationEvent":"*"}
[2019-05-21 15:41:26.511] [exthost4] [info] ExtensionService#loadCommonJSModule /Applications/Visual Studio Code.app/Contents/Resources/app/extensions/git/out/main
[2019-05-21 15:41:26.756] [exthost4] [info] ExtensionService#_doActivateExtension vscode.merge-conflict {"startup":true,"activationEvent":"*"}
[2019-05-21 15:41:26.757] [exthost4] [info] ExtensionService#loadCommonJSModule /Applications/Visual Studio Code.app/Contents/Resources/app/extensions/merge-conflict/out/extension
[2019-05-21 15:41:26.774] [exthost4] [info] ExtensionService#_doActivateExtension vscode.search-rg {"startup":true,"activationEvent":"*"}
[2019-05-21 15:41:26.774] [exthost4] [info] ExtensionService#loadCommonJSModule /Applications/Visual Studio Code.app/Contents/Resources/app/extensions/search-rg/out/extension
[2019-05-21 15:41:26.784] [exthost4] [info] eager extensions activated
[2019-05-21 15:41:26.788] [exthost4] [info] ExtensionService#_doActivateExtension vscode.html-language-features {"startup":false,"activationEvent":"onLanguage:html"}
[2019-05-21 15:41:26.788] [exthost4] [info] ExtensionService#loadCommonJSModule /Applications/Visual Studio Code.app/Contents/Resources/app/extensions/html-language-features/client/out/htmlMain
