0 info it worked if it ends with ok
1 verbose cli [ '/usr/local/bin/node',
1 verbose cli   '/usr/local/bin/npm',
1 verbose cli   'install',
1 verbose cli   '-',
1 verbose cli   'save',
1 verbose cli   'express' ]
2 info using npm@5.6.0
3 info using node@v8.11.3
4 verbose npm-session fffe14cc2b2d45a8
5 silly install loadCurrentTree
6 silly install readLocalPackageData
7 http fetch GET 200 https://registry.npmjs.org/save 66ms (from cache)
8 silly pacote tag manifest for save@latest fetched in 72ms
9 http fetch GET 200 https://registry.npmjs.org/express 74ms (from cache)
10 silly pacote range manifest for express@^4.16.4 fetched in 122ms
11 http fetch GET 404 https://registry.npmjs.org/- 1008ms
12 silly fetchPackageMetaData error for -@latest 404 Not Found: -@latest
13 verbose stack Error: 404 Not Found: -@latest
13 verbose stack     at fetch.then.res (/usr/local/lib/node_modules/npm/node_modules/pacote/lib/fetchers/registry/fetch.js:42:19)
13 verbose stack     at tryCatcher (/usr/local/lib/node_modules/npm/node_modules/bluebird/js/release/util.js:16:23)
13 verbose stack     at Promise._settlePromiseFromHandler (/usr/local/lib/node_modules/npm/node_modules/bluebird/js/release/promise.js:512:31)
13 verbose stack     at Promise._settlePromise (/usr/local/lib/node_modules/npm/node_modules/bluebird/js/release/promise.js:569:18)
13 verbose stack     at Promise._settlePromise0 (/usr/local/lib/node_modules/npm/node_modules/bluebird/js/release/promise.js:614:10)
13 verbose stack     at Promise._settlePromises (/usr/local/lib/node_modules/npm/node_modules/bluebird/js/release/promise.js:693:18)
13 verbose stack     at Async._drainQueue (/usr/local/lib/node_modules/npm/node_modules/bluebird/js/release/async.js:133:16)
13 verbose stack     at Async._drainQueues (/usr/local/lib/node_modules/npm/node_modules/bluebird/js/release/async.js:143:10)
13 verbose stack     at Immediate.Async.drainQueues (/usr/local/lib/node_modules/npm/node_modules/bluebird/js/release/async.js:17:14)
13 verbose stack     at runCallback (timers.js:810:20)
13 verbose stack     at tryOnImmediate (timers.js:768:5)
13 verbose stack     at processImmediate [as _immediateCallback] (timers.js:745:5)
14 verbose cwd /Users/user/Desktop/Diana
15 verbose Darwin 16.7.0
16 verbose argv "/usr/local/bin/node" "/usr/local/bin/npm" "install" "-" "save" "express"
17 verbose node v8.11.3
18 verbose npm  v5.6.0
19 error code E404
20 error 404 Not Found: -@latest
21 verbose exit [ 1, true ]
