0 info it worked if it ends with ok
1 verbose cli [ '/usr/local/bin/node', '/usr/local/bin/npm', 'start' ]
2 info using npm@5.6.0
3 info using node@v8.11.3
4 verbose run-script [ 'prestart', 'start', 'poststart' ]
5 info lifecycle programming3_by_ananun@1.0.0~prestart: programming3_by_ananun@1.0.0
6 info lifecycle programming3_by_ananun@1.0.0~start: programming3_by_ananun@1.0.0
7 verbose lifecycle programming3_by_ananun@1.0.0~start: unsafe-perm in lifecycle true
8 verbose lifecycle programming3_by_ananun@1.0.0~start: PATH: /usr/local/lib/node_modules/npm/node_modules/npm-lifecycle/node-gyp-bin:/Users/user/Desktop/Diana/node_modules/.bin:/usr/local/bin:/usr/bin:/bin:/usr/sbin:/sbin:/usr/local/share/dotnet:~/.dotnet/tools:/Library/Frameworks/Mono.framework/Versions/Current/Commands:/Applications/Xamarin Workbooks.app/Contents/SharedSupport/path-bin
9 verbose lifecycle programming3_by_ananun@1.0.0~start: CWD: /Users/user/Desktop/Diana
10 silly lifecycle programming3_by_ananun@1.0.0~start: Args: [ '-c', 'node server.js' ]
11 silly lifecycle programming3_by_ananun@1.0.0~start: Returned: code: 1  signal: null
12 info lifecycle programming3_by_ananun@1.0.0~start: Failed to exec start script
13 verbose stack Error: programming3_by_ananun@1.0.0 start: `node server.js`
13 verbose stack Exit status 1
13 verbose stack     at EventEmitter.<anonymous> (/usr/local/lib/node_modules/npm/node_modules/npm-lifecycle/index.js:285:16)
13 verbose stack     at emitTwo (events.js:126:13)
13 verbose stack     at EventEmitter.emit (events.js:214:7)
13 verbose stack     at ChildProcess.<anonymous> (/usr/local/lib/node_modules/npm/node_modules/npm-lifecycle/lib/spawn.js:55:14)
13 verbose stack     at emitTwo (events.js:126:13)
13 verbose stack     at ChildProcess.emit (events.js:214:7)
13 verbose stack     at maybeClose (internal/child_process.js:925:16)
13 verbose stack     at Process.ChildProcess._handle.onexit (internal/child_process.js:209:5)
14 verbose pkgid programming3_by_ananun@1.0.0
15 verbose cwd /Users/user/Desktop/Diana
16 verbose Darwin 16.7.0
17 verbose argv "/usr/local/bin/node" "/usr/local/bin/npm" "start"
18 verbose node v8.11.3
19 verbose npm  v5.6.0
20 error code ELIFECYCLE
21 error errno 1
22 error programming3_by_ananun@1.0.0 start: `node server.js`
22 error Exit status 1
23 error Failed at the programming3_by_ananun@1.0.0 start script.
23 error This is probably not a problem with npm. There is likely additional logging output above.
24 verbose exit [ 1, true ]
