2017-07-06T09:53:24: >>> Adobe Updater Log Begin >>>
2017-07-06T09:53:24: Application Version: 2.0.0.22
2017-07-06T09:53:24: cmdline option: -logFile = /Users/user/Library/Application Support/Adobe/AAMUpdater/1.0/aamul.log
2017-07-06T09:53:24: cmdline option: -logLevel = 2
2017-07-06T09:53:24: StartupUtility : Loaded at startup/logon.
2017-07-06T09:53:24: UCIsUpdaterEnabled : UpdaterIsEnabled.
2017-07-06T09:53:24: Updater has never been run on the machine.
2017-07-06T09:53:24: StartupUtility : Window is NOT Elapsed.
2017-07-06T09:53:24: <<< Adobe Updater Log End <<<


2017-07-06T09:55:45: >>> Adobe Updater Log Begin >>>
2017-07-06T09:55:45: Application Version: 2.0.0.22
2017-07-06T09:55:45: cmdline option: -logFile = /Users/user/Library/Application Support/Adobe/AAMUpdater/1.0/aamul.log
2017-07-06T09:55:45: cmdline option: -logLevel = 2
2017-07-06T09:55:45: StartupUtility : Loaded at startup/logon.
2017-07-06T09:55:45: UCIsUpdaterEnabled : UpdaterIsEnabled.
2017-07-06T09:55:45: Updater has never been run on the machine.
2017-07-06T09:55:45: StartupUtility : Window is NOT Elapsed.
2017-07-06T09:55:45: <<< Adobe Updater Log End <<<


2017-07-06T09:56:43: >>> Adobe Updater Log Begin >>>
2017-07-06T09:56:43: Application Version: 2.0.0.22
2017-07-06T09:56:43: cmdline option: -logFile = /Users/user/Library/Application Support/Adobe/AAMUpdater/1.0/aamul.log
2017-07-06T09:56:43: cmdline option: -logLevel = 2
2017-07-06T09:56:43: StartupUtility : Loaded at startup/logon.
2017-07-06T09:56:43: UCIsUpdaterEnabled : UpdaterIsEnabled.
2017-07-06T09:56:43: Updater has never been run on the machine.
2017-07-06T09:56:43: StartupUtility : Window is NOT Elapsed.
2017-07-06T09:56:43: <<< Adobe Updater Log End <<<


2017-07-26T11:46:18: >>> Adobe Updater Log Begin >>>
2017-07-26T11:46:18: Application Version: 2.0.0.22
2017-07-26T11:46:19: cmdline option: -logFile = /Users/user/Library/Application Support/Adobe/AAMUpdater/1.0/aamul.log
2017-07-26T11:46:19: cmdline option: -logLevel = 2
2017-07-26T11:46:19: StartupUtility : Loaded at startup/logon.
2017-07-26T11:46:19: UCIsUpdaterEnabled : UpdaterIsEnabled.
2017-07-26T11:46:19: Updater has never been run on the machine.
2017-07-26T11:46:19: StartupUtility : Window is NOT Elapsed.
2017-07-26T11:46:19: <<< Adobe Updater Log End <<<


2017-07-26T11:57:10: >>> Adobe Updater Log Begin >>>
2017-07-26T11:57:10: Application Version: 2.0.0.22
2017-07-26T11:57:10: cmdline option: -logFile = /Users/user/Library/Application Support/Adobe/AAMUpdater/1.0/aamul.log
2017-07-26T11:57:10: cmdline option: -logLevel = 2
2017-07-26T11:57:10: StartupUtility : Loaded at startup/logon.
2017-07-26T11:57:10: UCIsUpdaterEnabled : UpdaterIsEnabled.
2017-07-26T11:57:10: Updater has never been run on the machine.
2017-07-26T11:57:10: StartupUtility : Window is NOT Elapsed.
2017-07-26T11:57:10: <<< Adobe Updater Log End <<<


2017-07-26T11:57:24: >>> Adobe Updater Log Begin >>>
2017-07-26T11:57:24: Application Version: 2.0.0.22
2017-07-26T11:57:24: cmdline option: -logFile = /Users/user/Library/Application Support/Adobe/AAMUpdater/1.0/aamul.log
2017-07-26T11:57:24: cmdline option: -logLevel = 2
2017-07-26T11:57:24: StartupUtility : Loaded at startup/logon.
2017-07-26T11:57:24: UCIsUpdaterEnabled : UpdaterIsEnabled.
2017-07-26T11:57:24: Updater has never been run on the machine.
2017-07-26T11:57:24: StartupUtility : Window is NOT Elapsed.
2017-07-26T11:57:24: <<< Adobe Updater Log End <<<


2017-07-26T11:57:38: >>> Adobe Updater Log Begin >>>
2017-07-26T11:57:38: Application Version: 2.0.0.22
2017-07-26T11:57:38: cmdline option: -logFile = /Users/user/Library/Application Support/Adobe/AAMUpdater/1.0/aamul.log
2017-07-26T11:57:38: cmdline option: -logLevel = 2
2017-07-26T11:57:38: StartupUtility : Loaded at startup/logon.
2017-07-26T11:57:38: UCIsUpdaterEnabled : UpdaterIsEnabled.
2017-07-26T11:57:38: Updater has never been run on the machine.
2017-07-26T11:57:38: StartupUtility : Window is NOT Elapsed.
2017-07-26T11:57:38: <<< Adobe Updater Log End <<<


2017-07-26T11:58:20: >>> Adobe Updater Log Begin >>>
2017-07-26T11:58:20: Application Version: 2.0.0.22
2017-07-26T11:58:20: cmdline option: -logFile = /Users/user/Library/Application Support/Adobe/AAMUpdater/1.0/aamul.log
2017-07-26T11:58:20: cmdline option: -logLevel = 2
2017-07-26T11:58:20: StartupUtility : Loaded at startup/logon.
2017-07-26T11:58:20: UCIsUpdaterEnabled : UpdaterIsEnabled.
2017-07-26T11:58:20: Updater has never been run on the machine.
2017-07-26T11:58:20: StartupUtility : Window is NOT Elapsed.
2017-07-26T11:58:20: <<< Adobe Updater Log End <<<


2017-07-26T12:11:16: >>> Adobe Updater Log Begin >>>
2017-07-26T12:11:16: Application Version: 2.0.0.22
2017-07-26T12:11:16: cmdline option: -logFile = /Users/user/Library/Application Support/Adobe/AAMUpdater/1.0/aamul.log
2017-07-26T12:11:16: cmdline option: -logLevel = 2
2017-07-26T12:11:16: StartupUtility : Loaded at startup/logon.
2017-07-26T12:11:16: UCIsUpdaterEnabled : UpdaterIsEnabled.
2017-07-26T12:11:16: Updater has never been run on the machine.
2017-07-26T12:11:16: StartupUtility : Window is NOT Elapsed.
2017-07-26T12:11:16: <<< Adobe Updater Log End <<<


2017-09-29T11:50:26: >>> Adobe Updater Log Begin >>>
2017-09-29T11:50:26: Application Version: 2.0.0.22
2017-09-29T11:50:26: cmdline option: -logFile = /Users/user/Library/Application Support/Adobe/AAMUpdater/1.0/aamul.log
2017-09-29T11:50:26: cmdline option: -logLevel = 2
2017-09-29T11:50:26: StartupUtility : Loaded at startup/logon.
2017-09-29T11:50:26: UCIsUpdaterEnabled : UpdaterIsEnabled.
2017-09-29T11:50:26: Updater has never been run on the machine.
2017-09-29T11:50:26: StartupUtility : Window is NOT Elapsed.
2017-09-29T11:50:26: <<< Adobe Updater Log End <<<


2017-09-29T11:58:02: >>> Adobe Updater Log Begin >>>
2017-09-29T11:58:02: Application Version: 2.0.0.22
2017-09-29T11:58:02: cmdline option: -logFile = /Users/user/Library/Application Support/Adobe/AAMUpdater/1.0/aamul.log
2017-09-29T11:58:02: cmdline option: -logLevel = 2
2017-09-29T11:58:02: StartupUtility : Loaded at startup/logon.
2017-09-29T11:58:02: UCIsUpdaterEnabled : UpdaterIsEnabled.
2017-09-29T11:58:02: Updater has never been run on the machine.
2017-09-29T11:58:02: StartupUtility : Window is NOT Elapsed.
2017-09-29T11:58:02: <<< Adobe Updater Log End <<<


2017-12-22T14:30:28: >>> Adobe Updater Log Begin >>>
2017-12-22T14:30:28: Application Version: 2.0.0.22
2017-12-22T14:30:28: cmdline option: -logFile = /Users/user/Library/Application Support/Adobe/AAMUpdater/1.0/aamul.log
2017-12-22T14:30:28: cmdline option: -logLevel = 2
2017-12-22T14:30:28: StartupUtility : Loaded at startup/logon.
2017-12-22T14:30:28: UCIsUpdaterEnabled : UpdaterIsEnabled.
2017-12-22T14:30:28: Updater has never been run on the machine.
2017-12-22T14:30:28: StartupUtility : Window is NOT Elapsed.
2017-12-22T14:30:28: <<< Adobe Updater Log End <<<


2017-12-22T14:42:03: >>> Adobe Updater Log Begin >>>
2017-12-22T14:42:03: Application Version: 2.0.0.22
2017-12-22T14:42:04: cmdline option: -logFile = /Users/user/Library/Application Support/Adobe/AAMUpdater/1.0/aamul.log
2017-12-22T14:42:04: cmdline option: -logLevel = 2
2017-12-22T14:42:04: StartupUtility : Loaded at startup/logon.
2017-12-22T14:42:04: UCIsUpdaterEnabled : UpdaterIsEnabled.
2017-12-22T14:42:04: Updater has never been run on the machine.
2017-12-22T14:42:04: StartupUtility : Window is NOT Elapsed.
2017-12-22T14:42:04: <<< Adobe Updater Log End <<<


05/21/19 15:25:33:989 | [INFO] |  | UPDATER | STARTUPUTILITY |  |  |  | 4046 | >>> Adobe Updater Log Begin >>>
05/21/19 15:25:34:017 | [INFO] |  | UPDATER | STARTUPUTILITY |  |  |  | 4046 | Application Version: 9.0.0.30
05/21/19 15:25:34:017 | [INFO] |  | UPDATER | STARTUPUTILITY |  |  |  | 4046 | cmdline option: -logFile = /Users/user/Library/Application Support/Adobe/AAMUpdater/1.0/aamul.log
05/21/19 15:25:34:017 | [INFO] |  | UPDATER | STARTUPUTILITY |  |  |  | 4046 | cmdline option: -logLevel = 2
05/21/19 15:25:34:017 | [INFO] |  | UPDATER | STARTUPUTILITY |  |  |  | 4046 | StartupUtility : Loaded at startup/logon.
05/21/19 15:25:34:017 | [INFO] |  | UPDATER | STARTUPUTILITY |  |  |  | 4046 | CheckIfUpdaterIsEnabled : UpdaterIsNotEnabled.
05/21/19 15:25:34:045 | [INFO] |  | UPDATER | STARTUPUTILITY |  |  |  | 4046 | StartupUtility : WARNING - Updater is NOT enabled.
05/21/19 15:25:34:045 | [INFO] |  | UPDATER | STARTUPUTILITY |  |  |  | 4046 | Updater has never been run on the machine.
05/21/19 15:25:34:045 | [INFO] |  | UPDATER | STARTUPUTILITY |  |  |  | 4046 | StartupUtility : Window is NOT Elapsed.
05/21/19 15:25:34:046 | [INFO] |  | UPDATER | STARTUPUTILITY |  |  |  | 4046 | AdobeUpdaterGoCartLauncher : inside initialize.
05/21/19 15:25:34:409 | [INFO] |  | UPDATER | STARTUPUTILITY |  |  |  | 4046 | AdobeUpdaterGoCartLauncher : inside getLatestGCApplication.
05/21/19 15:25:34:432 | [INFO] |  | UPDATER | STARTUPUTILITY |  |  |  | 4046 | AdobeUpdaterGoCartLauncher : inside waitForCFUCallBack.
05/21/19 15:25:35:493 | [INFO] |  | UPDATER | STARTUPUTILITY |  |  |  | 4046 | AdobeUpdaterGoCartLauncher : AdobeGC_CFUCallbackFn is invoked
05/21/19 15:25:35:493 | [INFO] |  | UPDATER | STARTUPUTILITY |  |  |  | 4046 | AdobeUpdaterGoCartLauncher : AdobeGC_CFUCallbackFn returned error code  = 259
05/21/19 15:25:35:494 | [INFO] |  | UPDATER | STARTUPUTILITY |  |  |  | 4046 | AdobeUpdaterGoCartLauncher : Error encountered in Gocart WorkFlow =  = std::exception
